  Info.c
e:\code\lua\test_profile\lua_profiler\profiler\info.c(8): warning C4047: “函数”:“char *”与“const char *[50]”的间接级别不同
e:\code\lua\test_profile\lua_profiler\profiler\info.c(8): warning C4024: “strcpy_s”: 形参和实参 1 的类型不同
e:\code\lua\test_profile\lua_profiler\profiler\info.c(11): warning C4028: 形参 2 与声明不同
e:\code\lua\test_profile\lua_profiler\profiler\info.c(13): warning C4133: “函数”: 从“lua_Debug *”到“char *”的类型不兼容
e:\code\lua\test_profile\lua_profiler\profiler\info.c(13): warning C4047: “函数”:“const lua_Debug *”与“char *[50]”的间接级别不同
e:\code\lua\test_profile\lua_profiler\profiler\info.c(13): warning C4024: “BuildFunctionName”: 形参和实参 2 的类型不同
e:\code\lua\test_profile\lua_profiler\profiler\info.c(15): warning C4047: “函数”:“const char *”与“char *[50]”的间接级别不同
e:\code\lua\test_profile\lua_profiler\profiler\info.c(15): warning C4024: “strcmp”: 形参和实参 1 的类型不同
e:\code\lua\test_profile\lua_profiler\profiler\info.c(15): warning C4047: “函数”:“const char *”与“const char *[50]”的间接级别不同
e:\code\lua\test_profile\lua_profiler\profiler\info.c(15): warning C4024: “strcmp”: 形参和实参 2 的类型不同
e:\code\lua\test_profile\lua_profiler\profiler\info.c(20): warning C4047: “函数”:“char *”与“char *[50]”的间接级别不同
e:\code\lua\test_profile\lua_profiler\profiler\info.c(20): warning C4024: “CreateFunctionInfo”: 形参和实参 2 的类型不同
e:\code\lua\test_profile\lua_profiler\profiler\info.c(26): warning C4013: “printf”未定义；假设外部返回 int
e:\code\lua\test_profile\lua_profiler\profiler\info.c(29): warning C4090: “=”: 不同的“const”限定符
e:\code\lua\test_profile\lua_profiler\profiler\info.c(33): warning C4013: “sprintf_s”未定义；假设外部返回 int
  ProfileStruct.c
e:\code\lua\test_profile\lua_profiler\profiler\profilestruct.c(7): warning C4013: “memset”未定义；假设外部返回 int
e:\code\lua\test_profile\lua_profiler\profiler\profilestruct.c(11): warning C4028: 形参 1 与声明不同
  profiler.c
e:\code\lua\test_profile\lua_profiler\profiler\profiler.c(66): warning C4047: “return”:“lua_CFunction”与“int”的间接级别不同
e:\code\lua\test_profile\lua_profiler\profiler\profiler.c(78): warning C4047: “函数”:“lua_CFunction”与“lua_CFunction (__cdecl *)(lua_State *)”的间接级别不同
e:\code\lua\test_profile\lua_profiler\profiler\profiler.c(78): warning C4024: “lua_pushcclosure”: 形参和实参 2 的类型不同
e:\code\lua\test_profile\lua_profiler\profiler\profiler.c(154): warning C4244: “初始化”: 从“lua_Integer”转换到“int”，可能丢失数据
e:\code\lua\test_profile\lua_profiler\profiler\profiler.c(155): warning C4244: “初始化”: 从“lua_Integer”转换到“int”，可能丢失数据
  正在生成代码...
e:\code\lua\test_profile\lua_profiler\profiler\info.c(22): warning C4715: “TryGetChildInfo”: 不是所有的控件路径都返回值
  profiler.vcxproj -> E:\code\lua\test_profile\lua_profiler\x64\Debug\profiler.exe
